[debug] [2019-07-11T22:12:48.108Z] ----------------------------------------------------------------------
[debug] [2019-07-11T22:12:48.110Z] Command:       C:\Program Files\nodejs\node.exe C:\Users\Pranav\AppData\Roaming\npm\node_modules\firebase-tools\lib\bin\firebase.js serve
[debug] [2019-07-11T22:12:48.110Z] CLI Version:   7.0.2
[debug] [2019-07-11T22:12:48.110Z] Platform:      win32
[debug] [2019-07-11T22:12:48.110Z] Node Version:  v10.15.1
[debug] [2019-07-11T22:12:48.111Z] Time:          Thu Jul 11 2019 18:12:48 GMT-0400 (Eastern Daylight Time)
[debug] [2019-07-11T22:12:48.111Z] ----------------------------------------------------------------------
[debug] 
[debug] [2019-07-11T22:12:48.118Z] > command requires scopes: ["email","openid","https://www.googleapis.com/auth/cloudplatformprojects.readonly","https://www.googleapis.com/auth/firebase","https://www.googleapis.com/auth/cloud-platform"]
[debug] [2019-07-11T22:12:48.118Z] > authorizing via signed-in user
[debug] [2019-07-11T22:12:48.118Z] [iam] checking project cncm-website for permissions ["firebase.projects.get"]
[debug] [2019-07-11T22:12:48.119Z] >>> HTTP REQUEST POST https://cloudresourcemanager.googleapis.com/v1/projects/cncm-website:testIamPermissions  

[debug] [2019-07-11T22:12:48.274Z] <<< HTTP RESPONSE 200
[debug] [2019-07-11T22:12:48.276Z] >>> HTTP REQUEST GET https://cloudresourcemanager.googleapis.com/v1/projects/cncm-website  
 
[debug] [2019-07-11T22:12:48.379Z] <<< HTTP RESPONSE 200
[info] 
[info] === Serving from 'C:\Users\Pranav\Desktop\website'...
[info] 
[warn] !  Your requested "node" version "8" doesn't match your global version "10"
[debug] [2019-07-11T22:12:48.388Z] >>> HTTP REQUEST GET https://mobilesdk-pa.googleapis.com/v1/projects/405298212702/clients/_:getWebAppConfig  
 
[debug] [2019-07-11T22:12:48.388Z] >>> HTTP REQUEST GET https://mobilesdk-pa.googleapis.com/v1/projects/405298212702:getServerAppConfig  
 
[debug] [2019-07-11T22:12:48.606Z] <<< HTTP RESPONSE 200
[info] +  functions: Emulator started at http://localhost:5001
[debug] [2019-07-11T22:12:48.741Z] <<< HTTP RESPONSE 200
[info] i  functions: Watching "C:\Users\Pranav\Desktop\website\functions" for Cloud Functions...
[info] i  hosting: Serving hosting files from: public
[info] +  hosting: Local server: http://localhost:5000
[debug] [2019-07-11T22:12:49.030Z] Functions runtime initialized.
[debug] [2019-07-11T22:12:49.031Z] Disabled runtime features: {"functions_config_helper":true,"network_filtering":true,"timeout":true,"memory_limiting":true,"protect_env":true,"admin_stubs":true}
[debug] [2019-07-11T22:12:49.098Z] firebase-admin has been stubbed.
